#
# A fatal error has been detected by the Java Runtime Environment:
#
#  EXCEPTION_ACCESS_VIOLATION (0xc0000005) at pc=0x00007ff8897d95e1, pid=14440, tid=15052
#
# JRE version: OpenJDK Runtime Environment Temurin-17.0.13+11 (17.0.13+11) (build 17.0.13+11)
# Java VM: OpenJDK 64-Bit Server VM Temurin-17.0.13+11 (17.0.13+11, mixed mode, tiered, compressed oops, compressed class ptrs, parallel gc, windows-amd64)
# Problematic frame:
# V  [jvm.dll+0x6b95e1]
#
# No core dump will be written. Minidumps are not enabled by default on client versions of Windows
#
# If you would like to submit a bug report, please visit:
#   https://github.com/adoptium/adoptium-support/issues
#

---------------  S U M M A R Y ------------

Command Line: --add-modules=ALL-SYSTEM --add-opens=java.base/java.util=ALL-UNNAMED --add-opens=java.base/java.lang=ALL-UNNAMED --add-opens=java.base/sun.nio.fs=ALL-UNNAMED -Declipse.application=org.eclipse.jdt.ls.core.id1 -Dosgi.bundles.defaultStartLevel=4 -Declipse.product=org.eclipse.jdt.ls.core.product -Djava.import.generatesMetadataFilesAtProjectRoot=false -DDetectVMInstallationsJob.disabled=true -Dfile.encoding=utf8 -XX:+UseParallelGC -XX:GCTimeRatio=4 -XX:AdaptiveSizePolicyWeight=90 -Dsun.zip.disableMemoryMapping=true -Xmx1G -Xms100m -Xlog:disable -javaagent:c:\Users\User\.vscode\extensions\redhat.java-1.36.0-win32-x64\lombok\lombok-1.18.35.jar -XX:+HeapDumpOnOutOfMemoryError -XX:HeapDumpPath=c:\Users\User\AppData\Roaming\Code\User\workspaceStorage\89dce50d0e22b9cf68c38c160219eb33\redhat.java -Daether.dependencyCollector.impl=bf c:\Users\User\.vscode\extensions\redhat.java-1.36.0-win32-x64\server\plugins\org.eclipse.equinox.launcher_1.6.900.v20240613-2009.jar -configuration c:\Users\User\AppData\Roaming\Code\User\globalStorage\redhat.java\1.36.0\config_win -data c:\Users\User\AppData\Roaming\Code\User\workspaceStorage\89dce50d0e22b9cf68c38c160219eb33\redhat.java\jdt_ws --pipe=\\.\pipe\lsp-def6db3ebf59969b901b8e606b02b9e7-sock

Host: AMD Ryzen 5 3600 6-Core Processor              , 12 cores, 15G,  Windows 10 , 64 bit Build 19041 (10.0.19041.5072)
Time: Wed Nov 27 00:45:23 2024  Windows 10 , 64 bit Build 19041 (10.0.19041.5072) elapsed time: 29.467616 seconds (0d 0h 0m 29s)

---------------  T H R E A D  ---------------

Current thread (0x000001f1663ee260):  VMThread "VM Thread" [stack: 0x000000af3e000000,0x000000af3e100000] [id=15052]

Stack: [0x000000af3e000000,0x000000af3e100000],  sp=0x000000af3e0feb30,  free space=1018k
Native frames: (J=compiled Java code, j=interpreted, Vv=VM code, C=native code)
V  [jvm.dll+0x6b95e1]
V  [jvm.dll+0x6b5d49]
V  [jvm.dll+0x6be850]
V  [jvm.dll+0x6b99ea]
V  [jvm.dll+0x6bc262]
V  [jvm.dll+0x6c1cf9]
V  [jvm.dll+0x6c34d3]
V  [jvm.dll+0x83fe8d]
V  [jvm.dll+0x840bc3]
V  [jvm.dll+0x8410ef]
V  [jvm.dll+0x8414d4]
V  [jvm.dll+0x84159e]
V  [jvm.dll+0x7e8ffc]
V  [jvm.dll+0x6818f7]
C  [ucrtbase.dll+0x21bb2]
C  [KERNEL32.DLL+0x17374]
C  [ntdll.dll+0x4cc91]


siginfo: EXCEPTION_ACCESS_VIOLATION (0xc0000005), reading address 0xffffffffffffffff


Registers:
RAX=0x000001f17bd30000, RBX=0x0000000004595333, RCX=0x00007ff889cc6980, RDX=0x0000000004595333
RSP=0x000000af3e0feb30, RBP=0x0000000004595333, RSI=0x0000000000000018, RDI=0x0000000000010000
R8 =0x000001f17d3c0920, R9 =0x00009fffffff8ab7, R10=0x000001f17d3c0920, R11=0x00007ff889c558a8
R12=0x00007ff889120000, R13=0x00007ff889cc6980, R14=0x000000af3e0fec00, R15=0x000001f16620a3a0
RIP=0x00007ff8897d95e1, EFLAGS=0x0000000000010216


Register to memory mapping:

RIP=0x00007ff8897d95e1 jvm.dll
RAX=0x000001f17bd30000 points into unknown readable memory: 0x00000000c0000000 | 00 00 00 c0 00 00 00 00
RBX=0x0000000004595333 is an unknown value
RCX=0x00007ff889cc6980 jvm.dll
RDX=0x0000000004595333 is an unknown value
RSP=0x000000af3e0feb30 points into unknown readable memory: 0x00000000c8480010 | 10 00 48 c8 00 00 00 00
RBP=0x0000000004595333 is an unknown value
RSI=0x0000000000000018 is an unknown value
RDI=0x0000000000010000 is an unknown value
R8 =0x000001f17d3c0920 points into unknown readable memory: 0x000001f17c146210 | 10 62 14 7c f1 01 00 00
R9 =0x00009fffffff8ab7 is an unknown value
R10=0x000001f17d3c0920 points into unknown readable memory: 0x000001f17c146210 | 10 62 14 7c f1 01 00 00
R11=0x00007ff889c558a8 jvm.dll
R12=0x00007ff889120000 jvm.dll
R13=0x00007ff889cc6980 jvm.dll
R14=0x000000af3e0fec00 points into unknown readable memory: 0x00007ff889ad6bd8 | d8 6b ad 89 f8 7f 00 00
R15=0x000001f16620a3a0 points into unknown readable memory: 0x00007ff889ad7598 | 98 75 ad 89 f8 7f 00 00


Top of Stack: (sp=0x000000af3e0feb30)
0x000000af3e0feb30:   00000000c8480010 00000000000022cf
0x000000af3e0feb40:   00000000cfc260f0 0000000000010000
0x000000af3e0feb50:   00000000c4202f58 0000000000010000
0x000000af3e0feb60:   00000001000469b8 00000000cfc260f0
0x000000af3e0feb70:   000001f16620a3a0 000000af3e0fec00
0x000000af3e0feb80:   000001f1661fbd30 00000000c90fffe8
0x000000af3e0feb90:   000000af3e0febf0 00007ff8897d5d49
0x000000af3e0feba0:   00000000c9110778 000001f17bd30000
0x000000af3e0febb0:   000001f17d3c0920 000001f17bd34ec0
0x000000af3e0febc0:   000001f17d3c0920 0000000000000000
0x000000af3e0febd0:   000001f17bd34380 00007ff8897de850
0x000000af3e0febe0:   00007ff889ad6bd8 00007ff889ad6bd8
0x000000af3e0febf0:   000001f17bd32d28 0000000000000000
0x000000af3e0fec00:   00007ff889ad6bd8 0000000000000000
0x000000af3e0fec10:   000001f17d3c0920 0000000000000000
0x000000af3e0fec20:   00007ff889cc6900 0000000000000000
0x000000af3e0fec30:   0000000000000000 00007ff8897d99ea
0x000000af3e0fec40:   0000000000000000 000000000000000a
0x000000af3e0fec50:   000000000000000a 000001f17d3c0920
0x000000af3e0fec60:   0000000000000000 000001f16635d850
0x000000af3e0fec70:   000000a400000033 00007ff800000029
0x000000af3e0fec80:   000001f104c8b7b0 000000000000009d
0x000000af3e0fec90:   00007ff889a62e50 000001f16635da00
0x000000af3e0feca0:   00007ff889ad7060 000000000000000d
0x000000af3e0fecb0:   000001f100000001 00007ff889ca2d10
0x000000af3e0fecc0:   0000000000000001 00007ff889ca2d80
0x000000af3e0fecd0:   ffffffffffffffff 0000000000000000
0x000000af3e0fece0:   0000000000000000 00007ff889a62e68
0x000000af3e0fecf0:   00007ff889ad7060 00007ff889c55880
0x000000af3e0fed00:   0000000000000000 000000af3e0fece8
0x000000af3e0fed10:   0000000000000000 0000000000000002
0x000000af3e0fed20:   00007ff889a62e50 000000af3e0fed00 

Instructions: (pc=0x00007ff8897d95e1)
0x00007ff8897d94e1:   03 4c 8b c9 4c 03 d8 48 8b d0 48 c1 ea 10 49 c1
0x00007ff8897d94f1:   eb 10 48 8d 04 92 4c 8d 04 c5 00 00 00 00 49 3b
0x00007ff8897d9501:   d3 75 11 f0 41 01 7c 18 1c 48 8b 5c 24 08 48 8b
0x00007ff8897d9511:   7c 24 10 c3 49 8b c2 48 c1 e8 03 0f b7 c8 b8 00
0x00007ff8897d9521:   00 01 00 2b c1 f0 41 01 44 18 1c 48 8d 4a 01 49
0x00007ff8897d9531:   3b cb 73 3a 48 8d 04 89 49 8b d3 48 c1 e0 03 48
0x00007ff8897d9541:   2b d1 0f 1f 40 00 66 0f 1f 84 00 00 00 00 00 49
0x00007ff8897d9551:   8b 49 18 48 8d 40 28 c7 44 01 f0 00 00 01 00 49
0x00007ff8897d9561:   8b 49 18 4c 89 54 01 e8 48 83 ea 01 75 e1 48 8b
0x00007ff8897d9571:   5c 24 08 4b 8d 04 9b 48 8d 14 c5 00 00 00 00 48
0x00007ff8897d9581:   8d 47 ff 48 8b 7c 24 10 49 8d 04 c2 48 c1 e8 03
0x00007ff8897d9591:   0f b7 c8 49 8b 41 18 ff c1 89 4c 10 18 49 8b 41
0x00007ff8897d95a1:   18 4c 89 54 10 10 c3 cc cc cc cc cc cc cc cc 4c
0x00007ff8897d95b1:   89 44 24 18 55 57 41 55 41 56 41 57 48 83 ec 40
0x00007ff8897d95c1:   48 8b c2 bf 00 00 01 00 48 2b 01 4d 8b d0 48 c1
0x00007ff8897d95d1:   e8 13 48 8b ea 4c 8b e9 4c 8d 0c 80 48 8b 41 18
0x00007ff8897d95e1:   4e 8b 34 c8 4e 8d 3c c8 46 8b 4c c8 1c 41 8b 47
0x00007ff8897d95f1:   18 41 81 e1 ff ff ff 07 4c 03 c8 4c 89 bc 24 88
0x00007ff8897d9601:   00 00 00 4c 89 74 24 70 4c 3b cf 75 18 48 c1 ed
0x00007ff8897d9611:   03 0f b7 c5 49 8d 04 c6 48 83 c4 40 41 5f 41 5e
0x00007ff8897d9621:   41 5d 5f 5d c3 41 0f b6 47 20 90 48 89 5c 24 38
0x00007ff8897d9631:   84 c0 0f 85 13 01 00 00 48 2b 11 48 8b 05 55 d3
0x00007ff8897d9641:   4e 00 48 c1 ea 13 48 89 74 24 30 48 8d 0c 92 8b
0x00007ff8897d9651:   74 c8 18 48 3b f7 0f 83 e4 00 00 00 48 63 0d e4
0x00007ff8897d9661:   7b 46 00 41 b8 07 00 00 00 4c 8b 35 47 d3 4e 00
0x00007ff8897d9671:   4c 2b c1 48 c1 e2 10 48 d3 ea 48 d3 ef 48 03 fa
0x00007ff8897d9681:   48 d3 ee 4c 89 44 24 78 48 8d 0d c0 d2 4e 00 4c
0x00007ff8897d9691:   8b c7 48 03 d6 e8 25 30 fd ff 48 8b d8 48 3b c7
0x00007ff8897d96a1:   0f 83 8d 00 00 00 4c 8b 7c 24 78 4c 89 64 24 28
0x00007ff8897d96b1:   4c 8d 67 ff 66 66 66 0f 1f 84 00 00 00 00 00 48
0x00007ff8897d96c1:   8b d3 49 8b cf 48 d3 ea 49 3b d6 74 1b 8b 0d 74
0x00007ff8897d96d1:   7b 46 00 4c 8b c6 48 8b 05 d2 d2 4e 00 4c 8b f2 


Stack slot to memory mapping:
stack at sp + 0 slots: 0x00000000c8480010 is an oop: java.lang.ref.SoftReference 
{0x00000000c8480010} - klass: 'java/lang/ref/SoftReference'
 - ---- fields (total size 5 words):
 - private 'referent' 'Ljava/lang/Object;' @12  [B{0x00000000c8480038} (c8480038)
 - volatile 'queue' 'Ljava/lang/ref/ReferenceQueue;' @16  a 'java/lang/ref/ReferenceQueue$Null'{0x00000000c0003560} (c0003560)
 - volatile 'next' 'Ljava/lang/ref/Reference;' @20  NULL (0)
 - private transient 'discovered' 'Ljava/lang/ref/Reference;' @24  NULL (0)
 - private 'timestamp' 'J' @32  1380206 (150f6e 0)
stack at sp + 1 slots: 0x00000000000022cf is an unknown value
stack at sp + 2 slots: 0x00000000cfc260f0 is an oop: [B 
{0x00000000cfc260f0} - klass: {type array byte}
 - length: 590
stack at sp + 3 slots: 0x0000000000010000 is an unknown value
stack at sp + 4 slots: 0x00000000c4202f58 is pointing into object: jdk.internal.jrtfs.JrtPath 
{0x00000000c4202f40} - klass: 'jdk/internal/jrtfs/JrtPath'
 - ---- fields (total size 4 words):
 - final 'jrtfs' 'Ljdk/internal/jrtfs/JrtFileSystem;' @12  a 'jdk/internal/jrtfs/JrtFileSystem'{0x00000000c1027b98} (c1027b98)
 - private final 'path' 'Ljava/lang/String;' @16  "/modules/java.desktop/java/awt/EventQueue$2.class"{0x00000000c4202f60} (c4202f60)
 - private volatile 'offsets' '[I' @20  NULL (0)
 - private volatile 'resolved' 'Ljava/lang/String;' @24  "/modules/java.desktop/java/awt/EventQueue$2.class"{0x00000000c4202f60} (c4202f60)
stack at sp + 5 slots: 0x0000000000010000 is an unknown value
stack at sp + 6 slots: 0x00000001000469b8 is a pointer to class: 
java.lang.ref.WeakReference {0x00000001000469c0}
 - instance size:     4
 - klass size:        72
 - access:            public synchronized 
 - state:             fully_initialized
 - name:              'java/lang/ref/WeakReference'
 - super:             'java/lang/ref/Reference'
 - sub:               'org/eclipse/sisu/inject/MildElements$Weak'   'com/google/common/collect/MapMakerInternalMap$AbstractWeakKeyEntry'   'com/google/common/cache/LocalCache$WeakEntry'   'org/eclipse/jdt/internal/core/util/WeakHashSetOfCharArray$HashableWeakReference'   (12 more klasses...)
 - arrays:            'java/lang/ref/WeakReference'[]
 - methods:           Array<T>(0x000001f1000363d0)
 - method ordering:   Array<T>(0x000001f100000018)
 - default_methods:   Array<T>(0x0000000000000000)
 - local interfaces:  Array<T>(0x000001f100000058)
 - trans. interfaces: Array<T>(0x000001f100000058)
 - constants:         constant pool [17] {0x000001f1000362e0} for 'java/lang/ref/WeakReference' cache=0x000001f1001a70b0
 - class loader data:  loader data: 0x000001f166381ba0 of 'bootstrap'
 - class annotations:       Array<T>(0x0000000000000000)
 - class type annotations:  Array<T>(0x0000000000000000)
 - field annotations:       Array<T>(0x0000000000000000)
 - field type annotations:  Array<T>(0x0000000000000000)
 - generic signature: '<T:Ljava/lang/Object;>Ljava/lang/ref/Reference<TT;>;'
 - inner classes:     Array<T>(0x000001f100000028)
 - nest members:     Array<T>(0x000001f100000028)
 - permitted subclasses:     Array<T>(0x000001f100000028)
 - java mirror:       a 'java/lang/Class'{0x00000000c045afc0} = 'java/lang/ref/WeakReference'
 - vtable length      12  (start addr: 0x0000000100046b80)
 - itable length      2 (start addr: 0x0000000100046be0)
 - ---- static fields (0 words):
 - ---- non-static fields (4 words):
 - private 'referent' 'Ljava/lang/Object;' @12 
 - volatile 'queue' 'Ljava/lang/ref/ReferenceQueue;' @16 
 - volatile 'next' 'Ljava/lang/ref/Reference;' @20 
 - private transient 'discovered' 'Ljava/lang/ref/Reference;' @24 
 - non-static oop maps: 16-20 
stack at sp + 7 slots: 0x00000000cfc260f0 is an oop: [B 
{0x00000000cfc260f0} - klass: {type array byte}
 - length: 590

VM_Operation (0x000000af404fe660): ParallelGCSystemGC, mode: safepoint, requested by thread 0x000001f17ef80dd0


---------------  P R O C E S S  ---------------

Threads class SMR info:
_java_thread_list=0x000001f107e39170, length=51, elements={
0x000001f16634aea0, 0x000001f17c1492c0, 0x000001f17c14cc00, 0x000001f17d4048e0,
0x000001f17d405670, 0x000001f17d435190, 0x000001f17d436a70, 0x000001f16641c410,
0x000001f16641e440, 0x000001f17d45fe70, 0x000001f17d505420, 0x000001f17d70ac90,
0x000001f17eb1cbd0, 0x000001f17eb1b280, 0x000001f17eb1bca0, 0x000001f17eb1c1b0,
0x000001f17eb1b790, 0x000001f17eb1d5f0, 0x000001f17eb1db00, 0x000001f17eb1e520,
0x000001f17ef83650, 0x000001f17ef82720, 0x000001f17ef80dd0, 0x000001f17ef83140,
0x000001f17ef84a90, 0x000001f17ef812e0, 0x000001f17ef7ef70, 0x000001f17ef863e0,
0x000001f17ef803b0, 0x000001f17ef83b60, 0x000001f17ef81d00, 0x000001f17ef7fea0,
0x000001f17ef817f0, 0x000001f17ef84070, 0x000001f17ef84fa0, 0x000001f17ef859c0,
0x000001f17ef85ed0, 0x000001f17ef7f480, 0x000001f17ef7f990, 0x000001f17ef82210,
0x000001f17ef808c0, 0x000001f17ef82c30, 0x000001f17ef84580, 0x000001f107a16480,
0x000001f107a15f70, 0x000001f107a15a60, 0x000001f107a131e0, 0x000001f107a15040,
0x000001f107a16ea0, 0x000001f107a136f0, 0x000001f107a173b0
}

Java Threads: ( => current thread )
  0x000001f16634aea0 JavaThread "main" [_thread_blocked, id=14884, stack(0x000000af3de00000,0x000000af3df00000)]
  0x000001f17c1492c0 JavaThread "Reference Handler" daemon [_thread_blocked, id=14676, stack(0x000000af3e100000,0x000000af3e200000)]
  0x000001f17c14cc00 JavaThread "Finalizer" daemon [_thread_blocked, id=14828, stack(0x000000af3e200000,0x000000af3e300000)]
  0x000001f17d4048e0 JavaThread "Signal Dispatcher" daemon [_thread_blocked, id=14984, stack(0x000000af3e400000,0x000000af3e500000)]
  0x000001f17d405670 JavaThread "Attach Listener" daemon [_thread_blocked, id=14988, stack(0x000000af3e500000,0x000000af3e600000)]
  0x000001f17d435190 JavaThread "Service Thread" daemon [_thread_blocked, id=15068, stack(0x000000af3e600000,0x000000af3e700000)]
  0x000001f17d436a70 JavaThread "Monitor Deflation Thread" daemon [_thread_blocked, id=14972, stack(0x000000af3e700000,0x000000af3e800000)]
  0x000001f16641c410 JavaThread "C2 CompilerThread0" daemon [_thread_blocked, id=15268, stack(0x000000af3e800000,0x000000af3e900000)]
  0x000001f16641e440 JavaThread "C1 CompilerThread0" daemon [_thread_blocked, id=15276, stack(0x000000af3e900000,0x000000af3ea00000)]
  0x000001f17d45fe70 JavaThread "Sweeper thread" daemon [_thread_blocked, id=15280, stack(0x000000af3ea00000,0x000000af3eb00000)]
  0x000001f17d505420 JavaThread "Common-Cleaner" daemon [_thread_blocked, id=15244, stack(0x000000af3eb00000,0x000000af3ec00000)]
  0x000001f17d70ac90 JavaThread "Notification Thread" daemon [_thread_blocked, id=15184, stack(0x000000af3ec00000,0x000000af3ed00000)]
  0x000001f17eb1cbd0 JavaThread "Active Thread: Equinox Container: 348d257c-071d-416d-9f0c-9fc5c04e83bb" [_thread_blocked, id=14488, stack(0x000000af3f600000,0x000000af3f700000)]
  0x000001f17eb1b280 JavaThread "Refresh Thread: Equinox Container: 348d257c-071d-416d-9f0c-9fc5c04e83bb" daemon [_thread_blocked, id=15396, stack(0x000000af3ee00000,0x000000af3ef00000)]
  0x000001f17eb1bca0 JavaThread "Framework Event Dispatcher: Equinox Container: 348d257c-071d-416d-9f0c-9fc5c04e83bb" daemon [_thread_blocked, id=15404, stack(0x000000af3ef00000,0x000000af3f000000)]
  0x000001f17eb1c1b0 JavaThread "Start Level: Equinox Container: 348d257c-071d-416d-9f0c-9fc5c04e83bb" daemon [_thread_blocked, id=15408, stack(0x000000af3f700000,0x000000af3f800000)]
  0x000001f17eb1b790 JavaThread "Bundle File Closer" daemon [_thread_blocked, id=15648, stack(0x000000af3fa00000,0x000000af3fb00000)]
  0x000001f17eb1d5f0 JavaThread "SCR Component Actor" daemon [_thread_blocked, id=15924, stack(0x000000af3fc00000,0x000000af3fd00000)]
  0x000001f17eb1db00 JavaThread "Worker-JM" [_thread_blocked, id=15940, stack(0x000000af3ff00000,0x000000af40000000)]
  0x000001f17eb1e520 JavaThread "JNA Cleaner" daemon [_thread_blocked, id=15944, stack(0x000000af40000000,0x000000af40100000)]
  0x000001f17ef83650 JavaThread "Worker-0" [_thread_blocked, id=15948, stack(0x000000af40100000,0x000000af40200000)]
  0x000001f17ef82720 JavaThread "Worker-1: Java indexing... " [_thread_blocked, id=15952, stack(0x000000af40200000,0x000000af40300000)]
  0x000001f17ef80dd0 JavaThread "Java indexing" daemon [_thread_blocked, id=15964, stack(0x000000af40400000,0x000000af40500000)]
  0x000001f17ef83140 JavaThread "Thread-2" daemon [_thread_in_native, id=15968, stack(0x000000af40500000,0x000000af40600000)]
  0x000001f17ef84a90 JavaThread "Thread-3" daemon [_thread_in_native, id=15972, stack(0x000000af40600000,0x000000af40700000)]
  0x000001f17ef812e0 JavaThread "Thread-4" daemon [_thread_in_native, id=15976, stack(0x000000af40700000,0x000000af40800000)]
  0x000001f17ef7ef70 JavaThread "Thread-5" daemon [_thread_in_native, id=15980, stack(0x000000af40800000,0x000000af40900000)]
  0x000001f17ef863e0 JavaThread "Thread-6" daemon [_thread_in_native, id=15984, stack(0x000000af40900000,0x000000af40a00000)]
  0x000001f17ef803b0 JavaThread "Thread-7" daemon [_thread_in_native, id=15988, stack(0x000000af40a00000,0x000000af40b00000)]
  0x000001f17ef83b60 JavaThread "Thread-8" daemon [_thread_in_native, id=15992, stack(0x000000af40b00000,0x000000af40c00000)]
  0x000001f17ef81d00 JavaThread "Thread-9" daemon [_thread_in_native, id=15996, stack(0x000000af40c00000,0x000000af40d00000)]
  0x000001f17ef7fea0 JavaThread "Thread-10" daemon [_thread_in_native, id=16000, stack(0x000000af40d00000,0x000000af40e00000)]
  0x000001f17ef817f0 JavaThread "Thread-11" daemon [_thread_in_native, id=16004, stack(0x000000af40e00000,0x000000af40f00000)]
  0x000001f17ef84070 JavaThread "Thread-12" daemon [_thread_in_native, id=16008, stack(0x000000af40f00000,0x000000af41000000)]
  0x000001f17ef84fa0 JavaThread "Thread-13" daemon [_thread_in_native, id=16012, stack(0x000000af41000000,0x000000af41100000)]
  0x000001f17ef859c0 JavaThread "Thread-14" daemon [_thread_in_native, id=16016, stack(0x000000af41100000,0x000000af41200000)]
  0x000001f17ef85ed0 JavaThread "pool-2-thread-1" [_thread_blocked, id=16020, stack(0x000000af41200000,0x000000af41300000)]
  0x000001f17ef7f480 JavaThread "Worker-2" [_thread_blocked, id=16024, stack(0x000000af41300000,0x000000af41400000)]
  0x000001f17ef7f990 JavaThread "Worker-3: Building" [_thread_blocked, id=16028, stack(0x000000af41400000,0x000000af41500000)]
  0x000001f17ef82210 JavaThread "Worker-4" [_thread_blocked, id=16032, stack(0x000000af41500000,0x000000af41600000)]
  0x000001f17ef808c0 JavaThread "Worker-5" [_thread_blocked, id=16036, stack(0x000000af41600000,0x000000af41700000)]
  0x000001f17ef82c30 JavaThread "WorkspaceEventsHandler" [_thread_blocked, id=16040, stack(0x000000af41700000,0x000000af41800000)]
  0x000001f17ef84580 JavaThread "pool-1-thread-1" [_thread_blocked, id=16044, stack(0x000000af41800000,0x000000af41900000)]
  0x000001f107a16480 JavaThread "LocalFile Deleter" daemon [_thread_blocked, id=16344, stack(0x000000af40300000,0x000000af40400000)]
  0x000001f107a15f70 JavaThread "Compiler Source File Reader" daemon [_thread_blocked, id=16348, stack(0x000000af41900000,0x000000af41a00000)]
  0x000001f107a15a60 
[error occurred during error reporting (printing all threads), id 0xc0000005, EXCEPTION_ACCESS_VIOLATION (0xc0000005) at pc=0x00007ff889242bd0]

VM state: at safepoint (normal execution)

VM Mutex/Monitor currently owned by a thread:  ([mutex/lock_event])
[0x000001f16634cdf0] Threads_lock - owner thread: 0x000001f1663ee260
[0x000001f16634ccd0] Heap_lock - owner thread: 0x000001f17ef80dd0

Heap address: 0x00000000c0000000, size: 1024 MB, Compressed Oops mode: 32-bit

CDS archive(s) not mapped
Compressed class space mapped at: 0x0000000100000000-0x0000000140000000, reserved size: 1073741824
Narrow klass base: 0x0000000000000000, Narrow klass shift: 3, Narrow klass range: 0x140000000

GC Precious Log:
 CPUs: 12 total, 12 available
 Memory: 16332M
 Large Page Support: Disabled
 NUMA Support: Disabled
 Compressed Oops: Enabled (32-bit)
 Alignments: Space 512K, Generation 512K, Heap 2M
 Heap Min Capacity: 100M
 Heap Initial Capacity: 100M
 Heap Max Capacity: 1G
 Pre-touch: Disabled
 Parallel Workers: 10

Heap:
 PSYoungGen      total 24064K, used 23862K [0x00000000eab00000, 0x00000000eca00000, 0x0000000100000000)
  eden space 16896K, 100% used [0x00000000eab00000,0x00000000ebb80000,0x00000000ebb80000)
  from space 7168K, 97% used [0x00000000ec300000,0x00000000ec9cdb50,0x00000000eca00000)
  to   space 7168K, 0% used [0x00000000ebc00000,0x00000000ebc00000,0x00000000ec300000)
 ParOldGen       total 378368K, used 377643K [0x00000000c0000000, 0x00000000d7180000, 0x00000000eab00000)
  object space 378368K, 99% used [0x00000000c0000000,0x00000000d70cae98,0x00000000d7180000)
 Metaspace       used 66295K, committed 67456K, reserved 1114112K
  class space    used 6947K, committed 7488K, reserved 1048576K

Card table byte_map: [0x000001f1799c0000,0x000001f179bd0000] _byte_map_base: 0x000001f1793c0000

Marking Bits: (ParMarkBitMap*) 0x00007ff889cc6940
 Begin Bits: [0x000001f179d30000, 0x000001f17ad30000)
 End Bits:   [0x000001f17ad30000, 0x000001f17bd30000)

Polling page: 0x000001f166420000

Metaspace:

Usage:
  Non-class:     57.96 MB used.
      Class:      6.78 MB used.
       Both:     64.74 MB used.

Virtual space:
  Non-class space:       64.00 MB reserved,      58.56 MB ( 92%) committed,  1 nodes.
      Class space:        1.00 GB reserved,       7.31 MB ( <1%) committed,  1 nodes.
             Both:        1.06 GB reserved,      65.88 MB (  6%) committed. 

Chunk freelists:
   Non-Class:  5.33 MB
       Class:  8.70 MB
        Both:  14.03 MB

MaxMetaspaceSize: unlimited
CompressedClassSpaceSize: 1.00 GB
Initial GC threshold: 21.00 MB
Current GC threshold: 106.19 MB
CDS: off
MetaspaceReclaimPolicy: balanced
 - commit_granule_bytes: 65536.
 - commit_granule_words: 8192.
 - virtual_space_node_default_size: 8388608.
 - enlarge_chunks_in_place: 1.
 - new_chunks_are_fully_committed: 0.
 - uncommit_free_chunks: 1.
 - use_allocation_guard: 0.
 - handle_deallocations: 1.


Internal statistics:

num_allocs_failed_limit: 6.
num_arena_births: 866.
num_arena_deaths: 14.
num_vsnodes_births: 2.
num_vsnodes_deaths: 0.
num_space_committed: 1054.
num_space_uncommitted: 0.
num_chunks_returned_to_freelist: 20.
num_chunks_taken_from_freelist: 3576.
num_chunk_merges: 11.
num_chunk_splits: 2211.
num_chunks_enlarged: 1267.
num_inconsistent_stats: 0.

CodeHeap 'non-profiled nmethods': size=120000Kb used=6393Kb max_used=7066Kb free=113606Kb
 bounds [0x000001f1722a0000, 0x000001f172990000, 0x000001f1797d0000]
CodeHeap 'profiled nmethods': size=120000Kb used=16103Kb max_used=17862Kb free=103896Kb
 bounds [0x000001f16a7d0000, 0x000001f16b950000, 0x000001f171d00000]
CodeHeap 'non-nmethods': size=5760Kb used=1357Kb max_used=1427Kb free=4402Kb
 bounds [0x000001f171d00000, 0x000001f171f70000, 0x000001f1722a0000]
 total_blobs=8919 nmethods=8216 adapters=616
 compilation: enabled
              stopped_count=0, restarted_count=0
 full_count=0

Compilation events (20 events):
Event: 29.371 Thread 0x000001f16641e440 10493       1       java.time.Instant::getEpochSecond (5 bytes)
Event: 29.371 Thread 0x000001f16641e440 nmethod 10493 0x000001f1728eeb90 code [0x000001f1728eed20, 0x000001f1728eedf8]
Event: 29.371 Thread 0x000001f16641e440 10495       1       java.time.Instant::getNano (5 bytes)
Event: 29.371 Thread 0x000001f16641e440 nmethod 10495 0x000001f172849110 code [0x000001f1728492a0, 0x000001f172849378]
Event: 29.371 Thread 0x000001f16641e440 10496       1       ch.qos.logback.classic.Logger::getLoggerContext (5 bytes)
Event: 29.371 Thread 0x000001f16641e440 nmethod 10496 0x000001f172700590 code [0x000001f172700720, 0x000001f1727007f8]
Event: 29.371 Thread 0x000001f16641e440 10497       1       ch.qos.logback.classic.LoggerContext::getLoggerContextRemoteView (5 bytes)
Event: 29.371 Thread 0x000001f16641e440 nmethod 10497 0x000001f172700110 code [0x000001f1727002a0, 0x000001f172700378]
Event: 29.371 Thread 0x000001f16641e440 10498       1       ch.qos.logback.classic.LoggerContext::getSequenceNumberGenerator (5 bytes)
Event: 29.371 Thread 0x000001f16641e440 nmethod 10498 0x000001f17289e390 code [0x000001f17289e520, 0x000001f17289e5f8]
Event: 29.371 Thread 0x000001f16641e440 10501       3       ch.qos.logback.classic.Logger::callAppenders (47 bytes)
Event: 29.372 Thread 0x000001f16641e440 nmethod 10501 0x000001f16a991e90 code [0x000001f16a992060, 0x000001f16a9923f8]
Event: 29.372 Thread 0x000001f16641e440 10499       1       org.apache.maven.shared.filtering.BaseFilter::getLogger (5 bytes)
Event: 29.372 Thread 0x000001f16641e440 nmethod 10499 0x000001f17289de10 code [0x000001f17289dfa0, 0x000001f17289e078]
Event: 29.372 Thread 0x000001f16641e440 10500       3       ch.qos.logback.classic.Logger::buildLoggingEventAndAppend (31 bytes)
Event: 29.372 Thread 0x000001f16641e440 nmethod 10500 0x000001f16aa32e90 code [0x000001f16aa33040, 0x000001f16aa33288]
Event: 29.372 Thread 0x000001f16641e440 10502       3       java.time.Clock::currentInstant (84 bytes)
Event: 29.372 Thread 0x000001f16641c410 10505       4       java.util.zip.ZipFile$ZipFileInflaterInputStream::<init> (41 bytes)
Event: 29.373 Thread 0x000001f16641e440 nmethod 10502 0x000001f16a9b7910 code [0x000001f16a9b7b80, 0x000001f16a9b8398]
Event: 29.373 Thread 0x000001f16641e440 10503       3       ch.qos.logback.classic.spi.LoggingEvent::<init> (155 bytes)

GC Heap History (20 events):
Event: 28.918 GC heap after
{Heap after GC invocations=193 (full 10):
 PSYoungGen      total 14848K, used 4582K [0x00000000eab00000, 0x00000000ec180000, 0x0000000100000000)
  eden space 10240K, 0% used [0x00000000eab00000,0x00000000eab00000,0x00000000eb500000)
  from space 4608K, 99% used [0x00000000eb500000,0x00000000eb979a28,0x00000000eb980000)
  to   space 6144K, 0% used [0x00000000ebb80000,0x00000000ebb80000,0x00000000ec180000)
 ParOldGen       total 378368K, used 361184K [0x00000000c0000000, 0x00000000d7180000, 0x00000000eab00000)
  object space 378368K, 95% used [0x00000000c0000000,0x00000000d60b8180,0x00000000d7180000)
 Metaspace       used 65524K, committed 66752K, reserved 1114112K
  class space    used 6867K, committed 7424K, reserved 1048576K
}
Event: 28.960 GC heap before
{Heap before GC invocations=194 (full 10):
 PSYoungGen      total 14848K, used 14822K [0x00000000eab00000, 0x00000000ec180000, 0x0000000100000000)
  eden space 10240K, 100% used [0x00000000eab00000,0x00000000eb500000,0x00000000eb500000)
  from space 4608K, 99% used [0x00000000eb500000,0x00000000eb979a28,0x00000000eb980000)
  to   space 6144K, 0% used [0x00000000ebb80000,0x00000000ebb80000,0x00000000ec180000)
 ParOldGen       total 378368K, used 361184K [0x00000000c0000000, 0x00000000d7180000, 0x00000000eab00000)
  object space 378368K, 95% used [0x00000000c0000000,0x00000000d60b8180,0x00000000d7180000)
 Metaspace       used 65564K, committed 66752K, reserved 1114112K
  class space    used 6874K, committed 7424K, reserved 1048576K
}
Event: 28.963 GC heap after
{Heap after GC invocations=194 (full 10):
 PSYoungGen      total 15872K, used 4324K [0x00000000eab00000, 0x00000000ec000000, 0x0000000100000000)
  eden space 11264K, 0% used [0x00000000eab00000,0x00000000eab00000,0x00000000eb600000)
  from space 4608K, 93% used [0x00000000ebb80000,0x00000000ebfb9338,0x00000000ec000000)
  to   space 5120K, 0% used [0x00000000eb600000,0x00000000eb600000,0x00000000ebb00000)
 ParOldGen       total 378368K, used 363542K [0x00000000c0000000, 0x00000000d7180000, 0x00000000eab00000)
  object space 378368K, 96% used [0x00000000c0000000,0x00000000d6305838,0x00000000d7180000)
 Metaspace       used 65564K, committed 66752K, reserved 1114112K
  class space    used 6874K, committed 7424K, reserved 1048576K
}
Event: 28.993 GC heap before
{Heap before GC invocations=195 (full 10):
 PSYoungGen      total 15872K, used 15588K [0x00000000eab00000, 0x00000000ec000000, 0x0000000100000000)
  eden space 11264K, 100% used [0x00000000eab00000,0x00000000eb600000,0x00000000eb600000)
  from space 4608K, 93% used [0x00000000ebb80000,0x00000000ebfb9338,0x00000000ec000000)
  to   space 5120K, 0% used [0x00000000eb600000,0x00000000eb600000,0x00000000ebb00000)
 ParOldGen       total 378368K, used 363542K [0x00000000c0000000, 0x00000000d7180000, 0x00000000eab00000)
  object space 378368K, 96% used [0x00000000c0000000,0x00000000d6305838,0x00000000d7180000)
 Metaspace       used 65565K, committed 66752K, reserved 1114112K
  class space    used 6874K, committed 7424K, reserved 1048576K
}
Event: 28.996 GC heap after
{Heap after GC invocations=195 (full 10):
 PSYoungGen      total 16384K, used 5088K [0x00000000eab00000, 0x00000000ec480000, 0x0000000100000000)
  eden space 11264K, 0% used [0x00000000eab00000,0x00000000eab00000,0x00000000eb600000)
  from space 5120K, 99% used [0x00000000eb600000,0x00000000ebaf81e8,0x00000000ebb00000)
  to   space 6656K, 0% used [0x00000000ebe00000,0x00000000ebe00000,0x00000000ec480000)
 ParOldGen       total 378368K, used 364502K [0x00000000c0000000, 0x00000000d7180000, 0x00000000eab00000)
  object space 378368K, 96% used [0x00000000c0000000,0x00000000d63f5838,0x00000000d7180000)
 Metaspace       used 65565K, committed 66752K, reserved 1114112K
  class space    used 6874K, committed 7424K, reserved 1048576K
}
Event: 29.020 GC heap before
{Heap before GC invocations=196 (full 10):
 PSYoungGen      total 16384K, used 16352K [0x00000000eab00000, 0x00000000ec480000, 0x0000000100000000)
  eden space 11264K, 100% used [0x00000000eab00000,0x00000000eb600000,0x00000000eb600000)
  from space 5120K, 99% used [0x00000000eb600000,0x00000000ebaf81e8,0x00000000ebb00000)
  to   space 6656K, 0% used [0x00000000ebe00000,0x00000000ebe00000,0x00000000ec480000)
 ParOldGen       total 378368K, used 364502K [0x00000000c0000000, 0x00000000d7180000, 0x00000000eab00000)
  object space 378368K, 96% used [0x00000000c0000000,0x00000000d63f5838,0x00000000d7180000)
 Metaspace       used 65609K, committed 66816K, reserved 1114112K
  class space    used 6874K, committed 7424K, reserved 1048576K
}
Event: 29.025 GC heap after
{Heap after GC invocations=196 (full 10):
 PSYoungGen      total 17920K, used 4880K [0x00000000eab00000, 0x00000000ec300000, 0x0000000100000000)
  eden space 12800K, 0% used [0x00000000eab00000,0x00000000eab00000,0x00000000eb780000)
  from space 5120K, 95% used [0x00000000ebe00000,0x00000000ec2c4330,0x00000000ec300000)
  to   space 5632K, 0% used [0x00000000eb800000,0x00000000eb800000,0x00000000ebd80000)
 ParOldGen       total 378368K, used 366560K [0x00000000c0000000, 0x00000000d7180000, 0x00000000eab00000)
  object space 378368K, 96% used [0x00000000c0000000,0x00000000d65f82a0,0x00000000d7180000)
 Metaspace       used 65609K, committed 66816K, reserved 1114112K
  class space    used 6874K, committed 7424K, reserved 1048576K
}
Event: 29.054 GC heap before
{Heap before GC invocations=197 (full 10):
 PSYoungGen      total 17920K, used 17680K [0x00000000eab00000, 0x00000000ec300000, 0x0000000100000000)
  eden space 12800K, 100% used [0x00000000eab00000,0x00000000eb780000,0x00000000eb780000)
  from space 5120K, 95% used [0x00000000ebe00000,0x00000000ec2c4330,0x00000000ec300000)
  to   space 5632K, 0% used [0x00000000eb800000,0x00000000eb800000,0x00000000ebd80000)
 ParOldGen       total 378368K, used 366562K [0x00000000c0000000, 0x00000000d7180000, 0x00000000eab00000)
  object space 378368K, 96% used [0x00000000c0000000,0x00000000d65f8ab0,0x00000000d7180000)
 Metaspace       used 65714K, committed 66880K, reserved 1114112K
  class space    used 6888K, committed 7424K, reserved 1048576K
}
Event: 29.058 GC heap after
{Heap after GC invocations=197 (full 10):
 PSYoungGen      total 18432K, used 5602K [0x00000000eab00000, 0x00000000ec580000, 0x0000000100000000)
  eden space 12800K, 0% used [0x00000000eab00000,0x00000000eab00000,0x00000000eb780000)
  from space 5632K, 99% used [0x00000000eb800000,0x00000000ebd789a8,0x00000000ebd80000)
  to   space 7168K, 0% used [0x00000000ebe80000,0x00000000ebe80000,0x00000000ec580000)
 ParOldGen       total 378368K, used 367565K [0x00000000c0000000, 0x00000000d7180000, 0x00000000eab00000)
  object space 378368K, 97% used [0x00000000c0000000,0x00000000d66f3438,0x00000000d7180000)
 Metaspace       used 65714K, committed 66880K, reserved 1114112K
  class space    used 6888K, committed 7424K, reserved 1048576K
}
Event: 29.095 GC heap before
{Heap before GC invocations=198 (full 10):
 PSYoungGen      total 18432K, used 18402K [0x00000000eab00000, 0x00000000ec580000, 0x0000000100000000)
  eden space 12800K, 100% used [0x00000000eab00000,0x00000000eb780000,0x00000000eb780000)
  from space 5632K, 99% used [0x00000000eb800000,0x00000000ebd789a8,0x00000000ebd80000)
  to   space 7168K, 0% used [0x00000000ebe80000,0x00000000ebe80000,0x00000000ec580000)
 ParOldGen       total 378368K, used 367568K [0x00000000c0000000, 0x00000000d7180000, 0x00000000eab00000)
  object space 378368K, 97% used [0x00000000c0000000,0x00000000d66f4080,0x00000000d7180000)
 Metaspace       used 65780K, committed 66944K, reserved 1114112K
  class space    used 6896K, committed 7424K, reserved 1048576K
}
Event: 29.100 GC heap after
{Heap after GC invocations=198 (full 10):
 PSYoungGen      total 20480K, used 5329K [0x00000000eab00000, 0x00000000ec500000, 0x0000000100000000)
  eden space 13824K, 0% used [0x00000000eab00000,0x00000000eab00000,0x00000000eb880000)
  from space 6656K, 80% used [0x00000000ebe80000,0x00000000ec3b4740,0x00000000ec500000)
  to   space 6144K, 0% used [0x00000000eb880000,0x00000000eb880000,0x00000000ebe80000)
 ParOldGen       total 378368K, used 370148K [0x00000000c0000000, 0x00000000d7180000, 0x00000000eab00000)
  object space 378368K, 97% used [0x00000000c0000000,0x00000000d69790b8,0x00000000d7180000)
 Metaspace       used 65780K, committed 66944K, reserved 1114112K
  class space    used 6896K, committed 7424K, reserved 1048576K
}
Event: 29.144 GC heap before
{Heap before GC invocations=199 (full 10):
 PSYoungGen      total 20480K, used 19153K [0x00000000eab00000, 0x00000000ec500000, 0x0000000100000000)
  eden space 13824K, 100% used [0x00000000eab00000,0x00000000eb880000,0x00000000eb880000)
  from space 6656K, 80% used [0x00000000ebe80000,0x00000000ec3b4740,0x00000000ec500000)
  to   space 6144K, 0% used [0x00000000eb880000,0x00000000eb880000,0x00000000ebe80000)
 ParOldGen       total 378368K, used 370148K [0x00000000c0000000, 0x00000000d7180000, 0x00000000eab00000)
  object space 378368K, 97% used [0x00000000c0000000,0x00000000d69790b8,0x00000000d7180000)
 Metaspace       used 65813K, committed 66944K, reserved 1114112K
  class space    used 6897K, committed 7424K, reserved 1048576K
}
Event: 29.148 GC heap after
{Heap after GC invocations=199 (full 10):
 PSYoungGen      total 19968K, used 6141K [0x00000000eab00000, 0x00000000eca00000, 0x0000000100000000)
  eden space 13824K, 0% used [0x00000000eab00000,0x00000000eab00000,0x00000000eb880000)
  from space 6144K, 99% used [0x00000000eb880000,0x00000000ebe7f638,0x00000000ebe80000)
  to   space 8192K, 0% used [0x00000000ec200000,0x00000000ec200000,0x00000000eca00000)
 ParOldGen       total 378368K, used 371443K [0x00000000c0000000, 0x00000000d7180000, 0x00000000eab00000)
  object space 378368K, 98% used [0x00000000c0000000,0x00000000d6abcfb8,0x00000000d7180000)
 Metaspace       used 65813K, committed 66944K, reserved 1114112K
  class space    used 6897K, committed 7424K, reserved 1048576K
}
Event: 29.188 GC heap before
{Heap before GC invocations=200 (full 10):
 PSYoungGen      total 19968K, used 19965K [0x00000000eab00000, 0x00000000eca00000, 0x0000000100000000)
  eden space 13824K, 100% used [0x00000000eab00000,0x00000000eb880000,0x00000000eb880000)
  from space 6144K, 99% used [0x00000000eb880000,0x00000000ebe7f638,0x00000000ebe80000)
  to   space 8192K, 0% used [0x00000000ec200000,0x00000000ec200000,0x00000000eca00000)
 ParOldGen       total 378368K, used 371443K [0x00000000c0000000, 0x00000000d7180000, 0x00000000eab00000)
  object space 378368K, 98% used [0x00000000c0000000,0x00000000d6abcfb8,0x00000000d7180000)
 Metaspace       used 65825K, committed 67008K, reserved 1114112K
  class space    used 6897K, committed 7424K, reserved 1048576K
}
Event: 29.192 GC heap after
{Heap after GC invocations=200 (full 10):
 PSYoungGen      total 20992K, used 5237K [0x00000000eab00000, 0x00000000ec780000, 0x0000000100000000)
  eden space 15360K, 0% used [0x00000000eab00000,0x00000000eab00000,0x00000000eba00000)
  from space 5632K, 92% used [0x00000000ec200000,0x00000000ec71d530,0x00000000ec780000)
  to   space 6144K, 0% used [0x00000000ebb80000,0x00000000ebb80000,0x00000000ec180000)
 ParOldGen       total 378368K, used 374144K [0x00000000c0000000, 0x00000000d7180000, 0x00000000eab00000)
  object space 378368K, 98% used [0x00000000c0000000,0x00000000d6d602b0,0x00000000d7180000)
 Metaspace       used 65825K, committed 67008K, reserved 1114112K
  class space    used 6897K, committed 7424K, reserved 1048576K
}
Event: 29.235 GC heap before
{Heap before GC invocations=201 (full 10):
 PSYoungGen      total 20992K, used 20597K [0x00000000eab00000, 0x00000000ec780000, 0x0000000100000000)
  eden space 15360K, 100% used [0x00000000eab00000,0x00000000eba00000,0x00000000eba00000)
  from space 5632K, 92% used [0x00000000ec200000,0x00000000ec71d530,0x00000000ec780000)
  to   space 6144K, 0% used [0x00000000ebb80000,0x00000000ebb80000,0x00000000ec180000)
 ParOldGen       total 378368K, used 374144K [0x00000000c0000000, 0x00000000d7180000, 0x00000000eab00000)
  object space 378368K, 98% used [0x00000000c0000000,0x00000000d6d602b0,0x00000000d7180000)
 Metaspace       used 65927K, committed 67136K, reserved 1114112K
  class space    used 6908K, committed 7488K, reserved 1048576K
}
Event: 29.239 GC heap after
{Heap after GC invocations=201 (full 10):
 PSYoungGen      total 23040K, used 6117K [0x00000000eab00000, 0x00000000eca80000, 0x0000000100000000)
  eden space 16896K, 0% used [0x00000000eab00000,0x00000000eab00000,0x00000000ebb80000)
  from space 6144K, 99% used [0x00000000ebb80000,0x00000000ec179438,0x00000000ec180000)
  to   space 7680K, 0% used [0x00000000ec300000,0x00000000ec300000,0x00000000eca80000)
 ParOldGen       total 378368K, used 375095K [0x00000000c0000000, 0x00000000d7180000, 0x00000000eab00000)
  object space 378368K, 99% used [0x00000000c0000000,0x00000000d6e4de78,0x00000000d7180000)
 Metaspace       used 65927K, committed 67136K, reserved 1114112K
  class space    used 6908K, committed 7488K, reserved 1048576K
}
Event: 29.320 GC heap before
{Heap before GC invocations=202 (full 10):
 PSYoungGen      total 23040K, used 23010K [0x00000000eab00000, 0x00000000eca80000, 0x0000000100000000)
  eden space 16896K, 99% used [0x00000000eab00000,0x00000000ebb7f440,0x00000000ebb80000)
  from space 6144K, 99% used [0x00000000ebb80000,0x00000000ec179438,0x00000000ec180000)
  to   space 7680K, 0% used [0x00000000ec300000,0x00000000ec300000,0x00000000eca80000)
 ParOldGen       total 378368K, used 375102K [0x00000000c0000000, 0x00000000d7180000, 0x00000000eab00000)
  object space 378368K, 99% used [0x00000000c0000000,0x00000000d6e4fa88,0x00000000d7180000)
 Metaspace       used 65961K, committed 67136K, reserved 1114112K
  class space    used 6915K, committed 7488K, reserved 1048576K
}
Event: 29.325 GC heap after
{Heap after GC invocations=202 (full 10):
 PSYoungGen      total 24064K, used 6966K [0x00000000eab00000, 0x00000000eca00000, 0x0000000100000000)
  eden space 16896K, 0% used [0x00000000eab00000,0x00000000eab00000,0x00000000ebb80000)
  from space 7168K, 97% used [0x00000000ec300000,0x00000000ec9cdb50,0x00000000eca00000)
  to   space 7168K, 0% used [0x00000000ebc00000,0x00000000ebc00000,0x00000000ec300000)
 ParOldGen       total 378368K, used 377639K [0x00000000c0000000, 0x00000000d7180000, 0x00000000eab00000)
  object space 378368K, 99% used [0x00000000c0000000,0x00000000d70c9d70,0x00000000d7180000)
 Metaspace       used 65961K, committed 67136K, reserved 1114112K
  class space    used 6915K, committed 7488K, reserved 1048576K
}
Event: 29.373 GC heap before
{Heap before GC invocations=203 (full 11):
 PSYoungGen      total 24064K, used 23862K [0x00000000eab00000, 0x00000000eca00000, 0x0000000100000000)
  eden space 16896K, 100% used [0x00000000eab00000,0x00000000ebb80000,0x00000000ebb80000)
  from space 7168K, 97% used [0x00000000ec300000,0x00000000ec9cdb50,0x00000000eca00000)
  to   space 7168K, 0% used [0x00000000ebc00000,0x00000000ebc00000,0x00000000ec300000)
 ParOldGen       total 378368K, used 377643K [0x00000000c0000000, 0x00000000d7180000, 0x00000000eab00000)
  object space 378368K, 99% used [0x00000000c0000000,0x00000000d70cae98,0x00000000d7180000)
 Metaspace       used 66295K, committed 67456K, reserved 1114112K
  class space    used 6947K, committed 7488K, reserved 1048576K
}

Dll operation events (10 events):
Event: 0.059 Loaded shared library c:\Users\User\.vscode\extensions\redhat.java-1.36.0-win32-x64\jre\17.0.13-win32-x86_64\bin\java.dll
Event: 0.333 Loaded shared library c:\Users\User\.vscode\extensions\redhat.java-1.36.0-win32-x64\jre\17.0.13-win32-x86_64\bin\zip.dll
Event: 0.338 Loaded shared library C:\Users\User\.vscode\extensions\redhat.java-1.36.0-win32-x64\jre\17.0.13-win32-x86_64\bin\instrument.dll
Event: 0.349 Loaded shared library C:\Users\User\.vscode\extensions\redhat.java-1.36.0-win32-x64\jre\17.0.13-win32-x86_64\bin\net.dll
Event: 0.353 Loaded shared library C:\Users\User\.vscode\extensions\redhat.java-1.36.0-win32-x64\jre\17.0.13-win32-x86_64\bin\nio.dll
Event: 0.363 Loaded shared library C:\Users\User\.vscode\extensions\redhat.java-1.36.0-win32-x64\jre\17.0.13-win32-x86_64\bin\zip.dll
Event: 0.387 Loaded shared library C:\Users\User\.vscode\extensions\redhat.java-1.36.0-win32-x64\jre\17.0.13-win32-x86_64\bin\jimage.dll
Event: 0.457 Loaded shared library c:\Users\User\.vscode\extensions\redhat.java-1.36.0-win32-x64\jre\17.0.13-win32-x86_64\bin\verify.dll
Event: 6.351 Loaded shared library C:\Users\User\AppData\Roaming\Code\User\globalStorage\redhat.java\1.36.0\config_win\org.eclipse.equinox.launcher\org.eclipse.equinox.launcher.win32.win32.x86_64_1.2.1100.v20240722-2106\eclipse_11904.dll
Event: 15.295 Loaded shared library C:\Users\User\AppData\Local\Temp\jna-2645995\jna5338029530074761028.dll

Deoptimization events (20 events):
Event: 29.217 Thread 0x000001f17ef7f990 Uncommon trap: trap_request=0xffffffde fr.pc=0x000001f1729375e4 relative=0x0000000000000944
Event: 29.217 Thread 0x000001f17ef7f990 Uncommon trap: reason=class_check action=maybe_recompile pc=0x000001f1729375e4 method=org.eclipse.sisu.inject.LazyBeanEntry.getValue()Ljava/lang/Object; @ 4 c2
Event: 29.217 Thread 0x000001f17ef7f990 DEOPT PACKING pc=0x000001f1729375e4 sp=0x000000af414fd2e0
Event: 29.217 Thread 0x000001f17ef7f990 DEOPT UNPACKING pc=0x000001f171d566a3 sp=0x000000af414fd2c8 mode 2
Event: 29.220 Thread 0x000001f17ef7f990 Uncommon trap: trap_request=0xffffff45 fr.pc=0x000001f1726b262c relative=0x000000000000020c
Event: 29.220 Thread 0x000001f17ef7f990 Uncommon trap: reason=unstable_if action=reinterpret pc=0x000001f1726b262c method=sun.nio.fs.WindowsPath.compareTo(Ljava/nio/file/Path;)I @ 76 c2
Event: 29.220 Thread 0x000001f17ef7f990 DEOPT PACKING pc=0x000001f1726b262c sp=0x000000af414fc9a0
Event: 29.220 Thread 0x000001f17ef7f990 DEOPT UNPACKING pc=0x000001f171d566a3 sp=0x000000af414fc8a8 mode 2
Event: 29.220 Thread 0x000001f17ef7f990 Uncommon trap: trap_request=0xffffff45 fr.pc=0x000001f1725b6254 relative=0x0000000000001214
Event: 29.220 Thread 0x000001f17ef7f990 Uncommon trap: reason=unstable_if action=reinterpret pc=0x000001f1725b6254 method=lombok.eclipse.agent.EclipsePatcher$1.shouldTransform(Ljava/lang/ClassLoader;Ljava/lang/String;Ljava/lang/Class;Ljava/security/ProtectionDomain;[B)Z @ 80 c2
Event: 29.220 Thread 0x000001f17ef7f990 DEOPT PACKING pc=0x000001f1725b6254 sp=0x000000af414fb740
Event: 29.220 Thread 0x000001f17ef7f990 DEOPT UNPACKING pc=0x000001f171d566a3 sp=0x000000af414fb638 mode 2
Event: 29.313 Thread 0x000001f17ef7f990 Uncommon trap: trap_request=0xffffff45 fr.pc=0x000001f1725e7690 relative=0x00000000000001f0
Event: 29.313 Thread 0x000001f17ef7f990 Uncommon trap: reason=unstable_if action=reinterpret pc=0x000001f1725e7690 method=sun.nio.fs.WindowsPath.compareTo(Ljava/nio/file/Path;)I @ 76 c2
Event: 29.313 Thread 0x000001f17ef7f990 DEOPT PACKING pc=0x000001f1725e7690 sp=0x000000af414fbcb0
Event: 29.313 Thread 0x000001f17ef7f990 DEOPT UNPACKING pc=0x000001f171d566a3 sp=0x000000af414fbc18 mode 2
Event: 29.368 Thread 0x000001f17ef80dd0 Uncommon trap: trap_request=0xffffff45 fr.pc=0x000001f17298622c relative=0x000000000000042c
Event: 29.368 Thread 0x000001f17ef80dd0 Uncommon trap: reason=unstable_if action=reinterpret pc=0x000001f17298622c method=jdk.internal.jimage.ImageBufferCache.releaseBuffer(Ljava/nio/ByteBuffer;)V @ 6 c2
Event: 29.368 Thread 0x000001f17ef80dd0 DEOPT PACKING pc=0x000001f17298622c sp=0x000000af404feb60
Event: 29.368 Thread 0x000001f17ef80dd0 DEOPT UNPACKING pc=0x000001f171d566a3 sp=0x000000af404feaf8 mode 2

Classes loaded (20 events):
Event: 24.467 Loading class java/util/concurrent/ConcurrentHashMap$KeySpliterator
Event: 24.467 Loading class java/util/concurrent/ConcurrentHashMap$KeySpliterator done
Event: 24.473 Loading class java/nio/channels/Channels$1
Event: 24.473 Loading class java/nio/channels/Channels$1 done
Event: 28.110 Loading class sun/nio/cs/ISO_8859_1$Decoder
Event: 28.110 Loading class sun/nio/cs/ISO_8859_1$Decoder done
Event: 28.526 Loading class sun/nio/fs/WindowsFileCopy
Event: 28.526 Loading class sun/nio/fs/WindowsFileCopy done
Event: 28.581 Loading class java/util/stream/DistinctOps
Event: 28.581 Loading class java/util/stream/DistinctOps done
Event: 28.581 Loading class java/util/stream/DistinctOps$1
Event: 28.582 Loading class java/util/stream/DistinctOps$1 done
Event: 28.582 Loading class java/util/stream/DistinctOps$1$2
Event: 28.582 Loading class java/util/stream/DistinctOps$1$2 done
Event: 28.586 Loading class java/util/Collections$2
Event: 28.586 Loading class java/util/Collections$2 done
Event: 28.938 Loading class java/util/LinkedList$LLSpliterator
Event: 28.938 Loading class java/util/LinkedList$LLSpliterator done
Event: 29.050 Loading class java/util/AbstractList$RandomAccessSpliterator
Event: 29.050 Loading class java/util/AbstractList$RandomAccessSpliterator done

Classes unloaded (9 events):
Event: 16.386 Thread 0x000001f1663ee260 Unloading class 0x0000000100258000 'java/lang/invoke/LambdaForm$MH+0x0000000100258000'
Event: 16.386 Thread 0x000001f1663ee260 Unloading class 0x0000000100257c00 'java/lang/invoke/LambdaForm$MH+0x0000000100257c00'
Event: 16.386 Thread 0x000001f1663ee260 Unloading class 0x0000000100257800 'java/lang/invoke/LambdaForm$MH+0x0000000100257800'
Event: 16.386 Thread 0x000001f1663ee260 Unloading class 0x0000000100257400 'java/lang/invoke/LambdaForm$MH+0x0000000100257400'
Event: 16.386 Thread 0x000001f1663ee260 Unloading class 0x0000000100257000 'java/lang/invoke/LambdaForm$BMH+0x0000000100257000'
Event: 16.386 Thread 0x000001f1663ee260 Unloading class 0x0000000100256c00 'java/lang/invoke/LambdaForm$DMH+0x0000000100256c00'
Event: 16.386 Thread 0x000001f1663ee260 Unloading class 0x0000000100254400 'java/lang/invoke/LambdaForm$DMH+0x0000000100254400'
Event: 29.389 Thread 0x000001f1663ee260 Unloading class 0x0000000100720400 'java/lang/invoke/LambdaForm$MH+0x0000000100720400'
Event: 29.389 Thread 0x000001f1663ee260 Unloading class 0x0000000100720800 'java/lang/invoke/LambdaForm$DMH+0x0000000100720800'

Classes redefined (0 events):
No events

Internal exceptions (20 events):
Event: 25.004 Thread 0x000001f107a15a60 Exception <a 'java/lang/NoSuchMethodError'{0x00000000eadaa850}: 'void java.lang.invoke.DirectMethodHandle$Holder.invokeStatic(java.lang.Object, int, java.lang.Object)'> (0x00000000eadaa850) 
thrown [s\src\hotspot\share\interpreter\linkResolver.cpp, line 759]
Event: 25.026 Thread 0x000001f17ef7f990 Exception <a 'sun/nio/fs/WindowsException'{0x00000000eaf24d80}> (0x00000000eaf24d80) 
thrown [s\src\hotspot\share\prims\jni.cpp, line 516]
Event: 25.108 Thread 0x000001f17ef7f990 Exception <a 'sun/nio/fs/WindowsException'{0x00000000eb9545a8}> (0x00000000eb9545a8) 
thrown [s\src\hotspot\share\prims\jni.cpp, line 516]
Event: 25.108 Thread 0x000001f17ef7f990 Exception <a 'sun/nio/fs/WindowsException'{0x00000000eb954e00}> (0x00000000eb954e00) 
thrown [s\src\hotspot\share\prims\jni.cpp, line 516]
Event: 27.640 Thread 0x000001f17ef7f990 Exception <a 'java/lang/NoSuchMethodError'{0x00000000eae09828}: 'void java.lang.invoke.DirectMethodHandle$Holder.invokeInterface(java.lang.Object, java.lang.Object)'> (0x00000000eae09828) 
thrown [s\src\hotspot\share\interpreter\linkResolver.cpp, line 759]
Event: 27.654 Thread 0x000001f107a13c00 Exception <a 'java/lang/NoSuchMethodError'{0x00000000eaeef590}: 'java.lang.Object java.lang.invoke.Invokers$Holder.linkToTargetMethod(java.lang.Object, java.lang.Object, java.lang.Object, java.lang.Object, java.lang.Object, java.lang.Object, java.lang.Object)'> (0x00000000eaeef590) 
thrown [s\src\hotspot\share\interpreter\linkResolver.cpp, line 759]
Event: 27.654 Thread 0x000001f107a14620 Exception <a 'java/lang/NoSuchMethodError'{0x00000000eaef6798}: 'java.lang.Object java.lang.invoke.Invokers$Holder.linkToTargetMethod(java.lang.Object, java.lang.Object, java.lang.Object, java.lang.Object, java.lang.Object, java.lang.Object, java.lang.Object)'> (0x00000000eaef6798) 
thrown [s\src\hotspot\share\interpreter\linkResolver.cpp, line 759]
Event: 27.824 Thread 0x000001f107a14b30 Implicit null exception at 0x000001f1728a175d to 0x000001f1728a1d1c
Event: 28.507 Thread 0x000001f17ef7f990 Implicit null exception at 0x000001f17293cffa to 0x000001f17293d300
Event: 28.507 Thread 0x000001f17ef7f990 Implicit null exception at 0x000001f1729265ff to 0x000001f172926900
Event: 28.527 Thread 0x000001f17ef80dd0 Exception <a 'sun/nio/fs/WindowsException'{0x00000000eae99838}> (0x00000000eae99838) 
thrown [s\src\hotspot\share\prims\jni.cpp, line 516]
Event: 28.583 Thread 0x000001f17ef7f990 Exception <a 'java/lang/NoSuchMethodError'{0x00000000eae3ac28}: 'java.lang.Object java.lang.invoke.DirectMethodHandle$Holder.newInvokeSpecial(java.lang.Object, java.lang.Object, int, java.lang.Object, java.lang.Object)'> (0x00000000eae3ac28) 
thrown [s\src\hotspot\share\interpreter\linkResolver.cpp, line 759]
Event: 28.590 Thread 0x000001f17ef7f990 Exception <a 'java/lang/NoSuchMethodError'{0x00000000eaf0dc90}: 'java.lang.Object java.lang.invoke.DirectMethodHandle$Holder.invokeSpecial(java.lang.Object, java.lang.Object, java.lang.Object, int, java.lang.Object, java.lang.Object, java.lang.Object)'> (0x00000000eaf0dc90) 
thrown [s\src\hotspot\share\interpreter\linkResolver.cpp, line 759]
Event: 28.620 Thread 0x000001f17ef7f990 Exception <a 'java/lang/NoSuchMethodError'{0x00000000eacde4d8}: 'java.lang.Object java.lang.invoke.DirectMethodHandle$Holder.invokeStatic(java.lang.Object, java.lang.Object, int, java.lang.Object, java.lang.Object)'> (0x00000000eacde4d8) 
thrown [s\src\hotspot\share\interpreter\linkResolver.cpp, line 759]
Event: 28.623 Thread 0x000001f17ef7f990 Exception <a 'java/lang/NoSuchMethodError'{0x00000000ead6d1b8}: 'java.lang.Object java.lang.invoke.DirectMethodHandle$Holder.newInvokeSpecial(java.lang.Object, java.lang.Object, int)'> (0x00000000ead6d1b8) 
thrown [s\src\hotspot\share\interpreter\linkResolver.cpp, line 759]
Event: 28.632 Thread 0x000001f17ef7f990 Exception <a 'java/lang/NoSuchMethodError'{0x00000000eaff0be8}: 'void java.lang.invoke.DirectMethodHandle$Holder.invokeStatic(java.lang.Object, int)'> (0x00000000eaff0be8) 
thrown [s\src\hotspot\share\interpreter\linkResolver.cpp, line 759]
Event: 28.668 Thread 0x000001f17ef80dd0 Implicit null exception at 0x000001f1726ac5b3 to 0x000001f1726af2d0
Event: 29.042 Thread 0x000001f17ef7f990 Exception <a 'java/io/FileNotFoundException'{0x00000000eb1dc080}> (0x00000000eb1dc080) 
thrown [s\src\hotspot\share\prims\jni.cpp, line 516]
Event: 29.042 Thread 0x000001f17ef7f990 Exception <a 'java/io/FileNotFoundException'{0x00000000eb1dd940}> (0x00000000eb1dd940) 
thrown [s\src\hotspot\share\prims\jni.cpp, line 516]
Event: 29.042 Thread 0x000001f17ef7f990 Exception <a 'java/io/FileNotFoundException'{0x00000000eb21a8e0}> (0x00000000eb21a8e0) 
thrown [s\src\hotspot\share\prims\jni.cpp, line 516]

VM Operations (20 events):
Event: 29.058 Executing VM operation: ParallelGCSystemGC done
Event: 29.095 Executing VM operation: ParallelGCFailedAllocation
Event: 29.100 Executing VM operation: ParallelGCFailedAllocation done
Event: 29.104 Executing VM operation: HandshakeAllThreads
Event: 29.105 Executing VM operation: HandshakeAllThreads done
Event: 29.144 Executing VM operation: ParallelGCFailedAllocation
Event: 29.148 Executing VM operation: ParallelGCFailedAllocation done
Event: 29.188 Executing VM operation: ParallelGCFailedAllocation
Event: 29.192 Executing VM operation: ParallelGCFailedAllocation done
Event: 29.235 Executing VM operation: ParallelGCFailedAllocation
Event: 29.239 Executing VM operation: ParallelGCFailedAllocation done
Event: 29.320 Executing VM operation: ParallelGCFailedAllocation
Event: 29.320 Executing VM operation: ParallelGCFailedAllocation done
Event: 29.320 Executing VM operation: ParallelGCSystemGC
Event: 29.325 Executing VM operation: ParallelGCSystemGC done
Event: 29.328 Executing VM operation: HandshakeAllThreads
Event: 29.328 Executing VM operation: HandshakeAllThreads done
Event: 29.372 Executing VM operation: ParallelGCFailedAllocation
Event: 29.373 Executing VM operation: ParallelGCFailedAllocation done
Event: 29.373 Executing VM operation: ParallelGCSystemGC

Memory protections (0 events):
No events

Nmethod flushes (20 events):
Event: 29.343 Thread 0x000001f17d45fe70 flushing  nmethod 0x000001f16b78ae90
Event: 29.343 Thread 0x000001f17d45fe70 flushing  nmethod 0x000001f16b78bf10
Event: 29.343 Thread 0x000001f17d45fe70 flushing  nmethod 0x000001f16b78cd90
Event: 29.343 Thread 0x000001f17d45fe70 flushing  nmethod 0x000001f16b7a0810
Event: 29.343 Thread 0x000001f17d45fe70 flushing  nmethod 0x000001f16b7a2e10
Event: 29.343 Thread 0x000001f17d45fe70 flushing osr nmethod 0x000001f16b7a3510
Event: 29.343 Thread 0x000001f17d45fe70 flushing  nmethod 0x000001f16b7a5910
Event: 29.343 Thread 0x000001f17d45fe70 flushing  nmethod 0x000001f16b7a6c10
Event: 29.343 Thread 0x000001f17d45fe70 flushing  nmethod 0x000001f16b7a7d10
Event: 29.343 Thread 0x000001f17d45fe70 flushing  nmethod 0x000001f16b7bb790
Event: 29.343 Thread 0x000001f17d45fe70 flushing  nmethod 0x000001f16b7c0390
Event: 29.343 Thread 0x000001f17d45fe70 flushing  nmethod 0x000001f16b7ca010
Event: 29.343 Thread 0x000001f17d45fe70 flushing  nmethod 0x000001f16b7cfa10
Event: 29.343 Thread 0x000001f17d45fe70 flushing  nmethod 0x000001f16b7dc890
Event: 29.343 Thread 0x000001f17d45fe70 flushing  nmethod 0x000001f16b7e7a90
Event: 29.343 Thread 0x000001f17d45fe70 flushing  nmethod 0x000001f16b813110
Event: 29.343 Thread 0x000001f17d45fe70 flushing  nmethod 0x000001f16b821c90
Event: 29.344 Thread 0x000001f17d45fe70 flushing  nmethod 0x000001f16b868610
Event: 29.344 Thread 0x000001f17d45fe70 flushing  nmethod 0x000001f16b8a7810
Event: 29.344 Thread 0x000001f17d45fe70 flushing  nmethod 0x000001f16b8a8890

Events (20 events):
Event: 27.652 Thread 0x000001f17ef7f990 Thread added: 0x000001f107a17dd0
Event: 27.652 Thread 0x000001f17ef7f990 Thread added: 0x000001f107a14620
Event: 27.698 Thread 0x000001f17ef7f990 Thread added: 0x000001f107a14b30
Event: 28.503 Thread 0x000001f107a13c00 Thread exited: 0x000001f107a13c00
Event: 28.503 Thread 0x000001f107a17dd0 Thread exited: 0x000001f107a17dd0
Event: 28.503 Thread 0x000001f107a14620 Thread exited: 0x000001f107a14620
Event: 28.503 Thread 0x000001f107a178c0 Thread exited: 0x000001f107a178c0
Event: 28.503 Thread 0x000001f107a14b30 Thread exited: 0x000001f107a14b30
Event: 28.934 Thread 0x000001f1060638e0 Thread exited: 0x000001f1060638e0
Event: 28.986 Thread 0x000001f106064e20 Thread exited: 0x000001f106064e20
Event: 29.072 Thread 0x000001f17ef7f990 Thread added: 0x000001f107a16990
Event: 29.072 Thread 0x000001f17ef7f990 Thread added: 0x000001f107a19210
Event: 29.072 Thread 0x000001f17ef7f990 Thread added: 0x000001f107a13c00
Event: 29.072 Thread 0x000001f17ef7f990 Thread added: 0x000001f107a14620
Event: 29.072 Thread 0x000001f17ef7f990 Thread added: 0x000001f107a187f0
Event: 29.207 Thread 0x000001f107a16990 Thread exited: 0x000001f107a16990
Event: 29.207 Thread 0x000001f107a187f0 Thread exited: 0x000001f107a187f0
Event: 29.207 Thread 0x000001f107a14620 Thread exited: 0x000001f107a14620
Event: 29.207 Thread 0x000001f107a13c00 Thread exited: 0x000001f107a13c00
Event: 29.207 Thread 0x000001f107a19210 Thread exited: 0x000001f107a19210


Dynamic libraries:
0x00007ff6dc270000 - 0x00007ff6dc27e000 	c:\Users\User\.vscode\extensions\redhat.java-1.36.0-win32-x64\jre\17.0.13-win32-x86_64\bin\java.exe
0x00007ff8f7790000 - 0x00007ff8f7988000 	C:\Windows\SYSTEM32\ntdll.dll
0x00007ff8f59a0000 - 0x00007ff8f5a62000 	C:\Windows\System32\KERNEL32.DLL
0x00007ff8f5320000 - 0x00007ff8f561e000 	C:\Windows\System32\KERNELBASE.dll
0x00007ff8f5620000 - 0x00007ff8f5720000 	C:\Windows\System32\ucrtbase.dll
0x00007ff8cfb30000 - 0x00007ff8cfb47000 	c:\Users\User\.vscode\extensions\redhat.java-1.36.0-win32-x64\jre\17.0.13-win32-x86_64\bin\jli.dll
0x00007ff8f6cd0000 - 0x00007ff8f6e6d000 	C:\Windows\System32\USER32.dll
0x00007ff8f5040000 - 0x00007ff8f5062000 	C:\Windows\System32\win32u.dll
0x00007ff8f7720000 - 0x00007ff8f774b000 	C:\Windows\System32\GDI32.dll
0x00007ff8f4e30000 - 0x00007ff8f4f47000 	C:\Windows\System32\gdi32full.dll
0x00007ff8cec00000 - 0x00007ff8cec1e000 	c:\Users\User\.vscode\extensions\redhat.java-1.36.0-win32-x64\jre\17.0.13-win32-x86_64\bin\VCRUNTIME140.dll
0x00007ff8f4f50000 - 0x00007ff8f4fed000 	C:\Windows\System32\msvcp_win.dll
0x00007ff8f4190000 - 0x00007ff8f442a000 	C:\Windows\WinSxS\amd64_microsoft.windows.common-controls_6595b64144ccf1df_6.0.19041.4355_none_60b8b9eb71f62e16\COMCTL32.dll
0x00007ff8f7600000 - 0x00007ff8f769e000 	C:\Windows\System32\msvcrt.dll
0x00007ff8f5870000 - 0x00007ff8f589f000 	C:\Windows\System32\IMM32.DLL
0x00007ff8d6910000 - 0x00007ff8d691c000 	c:\Users\User\.vscode\extensions\redhat.java-1.36.0-win32-x64\jre\17.0.13-win32-x86_64\bin\vcruntime140_1.dll
0x00007ff8a18c0000 - 0x00007ff8a194d000 	c:\Users\User\.vscode\extensions\redhat.java-1.36.0-win32-x64\jre\17.0.13-win32-x86_64\bin\msvcp140.dll
0x00007ff889120000 - 0x00007ff889d8b000 	c:\Users\User\.vscode\extensions\redhat.java-1.36.0-win32-x64\jre\17.0.13-win32-x86_64\bin\server\jvm.dll
0x00007ff8f57b0000 - 0x00007ff8f5861000 	C:\Windows\System32\ADVAPI32.dll
0x00007ff8f58a0000 - 0x00007ff8f593f000 	C:\Windows\System32\sechost.dll
0x00007ff8f63b0000 - 0x00007ff8f64d3000 	C:\Windows\System32\RPCRT4.dll
0x00007ff8f52f0000 - 0x00007ff8f5317000 	C:\Windows\System32\bcrypt.dll
0x00007ff8f71c0000 - 0x00007ff8f722b000 	C:\Windows\System32\WS2_32.dll
0x00007ff8f4c90000 - 0x00007ff8f4cdb000 	C:\Windows\SYSTEM32\POWRPROF.dll
0x00007ff8e80d0000 - 0x00007ff8e80f7000 	C:\Windows\SYSTEM32\WINMM.dll
0x00007ff8e84a0000 - 0x00007ff8e84aa000 	C:\Windows\SYSTEM32\VERSION.dll
0x00007ff8f4c70000 - 0x00007ff8f4c82000 	C:\Windows\SYSTEM32\UMPDC.dll
0x00007ff8f1f00000 - 0x00007ff8f1f12000 	C:\Windows\SYSTEM32\kernel.appcore.dll
0x00007ff8d67d0000 - 0x00007ff8d67da000 	c:\Users\User\.vscode\extensions\redhat.java-1.36.0-win32-x64\jre\17.0.13-win32-x86_64\bin\jimage.dll
0x00007ff8f4730000 - 0x00007ff8f4914000 	C:\Windows\SYSTEM32\DBGHELP.DLL
0x00007ff8f4540000 - 0x00007ff8f4574000 	C:\Windows\SYSTEM32\dbgcore.DLL
0x00007ff8f5720000 - 0x00007ff8f57a2000 	C:\Windows\System32\bcryptPrimitives.dll
0x00007ff8d4210000 - 0x00007ff8d421e000 	c:\Users\User\.vscode\extensions\redhat.java-1.36.0-win32-x64\jre\17.0.13-win32-x86_64\bin\instrument.dll
0x00007ff8aa0c0000 - 0x00007ff8aa0e5000 	c:\Users\User\.vscode\extensions\redhat.java-1.36.0-win32-x64\jre\17.0.13-win32-x86_64\bin\java.dll
0x00007ff8cd350000 - 0x00007ff8cd368000 	c:\Users\User\.vscode\extensions\redhat.java-1.36.0-win32-x64\jre\17.0.13-win32-x86_64\bin\zip.dll
0x00007ff8f6550000 - 0x00007ff8f6cbd000 	C:\Windows\System32\SHELL32.dll
0x00007ff8f21c0000 - 0x00007ff8f2964000 	C:\Windows\SYSTEM32\windows.storage.dll
0x00007ff8f6050000 - 0x00007ff8f63a3000 	C:\Windows\System32\combase.dll
0x00007ff8f40f0000 - 0x00007ff8f411e000 	C:\Windows\SYSTEM32\Wldp.dll
0x00007ff8f6f20000 - 0x00007ff8f6fed000 	C:\Windows\System32\OLEAUT32.dll
0x00007ff8f7110000 - 0x00007ff8f71bd000 	C:\Windows\System32\SHCORE.dll
0x00007ff8f64e0000 - 0x00007ff8f6535000 	C:\Windows\System32\shlwapi.dll
0x00007ff8f4d60000 - 0x00007ff8f4d84000 	C:\Windows\SYSTEM32\profapi.dll
0x00007ff8cb4c0000 - 0x00007ff8cb4d9000 	C:\Users\User\.vscode\extensions\redhat.java-1.36.0-win32-x64\jre\17.0.13-win32-x86_64\bin\net.dll
0x00007ff8eefe0000 - 0x00007ff8ef0ed000 	C:\Windows\SYSTEM32\WINHTTP.dll
0x00007ff8f3dd0000 - 0x00007ff8f3e3a000 	C:\Windows\system32\mswsock.dll
0x00007ff8a9b00000 - 0x00007ff8a9b16000 	C:\Users\User\.vscode\extensions\redhat.java-1.36.0-win32-x64\jre\17.0.13-win32-x86_64\bin\nio.dll
0x00007ff8cfc30000 - 0x00007ff8cfc40000 	c:\Users\User\.vscode\extensions\redhat.java-1.36.0-win32-x64\jre\17.0.13-win32-x86_64\bin\verify.dll
0x00007ff89aa70000 - 0x00007ff89aab5000 	C:\Users\User\AppData\Roaming\Code\User\globalStorage\redhat.java\1.36.0\config_win\org.eclipse.equinox.launcher\org.eclipse.equinox.launcher.win32.win32.x86_64_1.2.1100.v20240722-2106\eclipse_11904.dll
0x00007ff8f7290000 - 0x00007ff8f73bb000 	C:\Windows\System32\ole32.dll
0x00007ff8f4ad0000 - 0x00007ff8f4ae8000 	C:\Windows\SYSTEM32\CRYPTSP.dll
0x00007ff8f37d0000 - 0x00007ff8f3804000 	C:\Windows\system32\rsaenh.dll
0x00007ff8f4ce0000 - 0x00007ff8f4d0e000 	C:\Windows\SYSTEM32\USERENV.dll
0x00007ff8f40e0000 - 0x00007ff8f40ec000 	C:\Windows\SYSTEM32\CRYPTBASE.dll
0x00007ff8f3fb0000 - 0x00007ff8f3feb000 	C:\Windows\SYSTEM32\IPHLPAPI.DLL
0x00007ff8f6540000 - 0x00007ff8f6548000 	C:\Windows\System32\NSI.dll
0x00007ff8efbb0000 - 0x00007ff8efbc7000 	C:\Windows\SYSTEM32\dhcpcsvc6.DLL
0x00007ff8efa60000 - 0x00007ff8efa7d000 	C:\Windows\SYSTEM32\dhcpcsvc.DLL
0x00007ff8f3b30000 - 0x00007ff8f3bfa000 	C:\Windows\SYSTEM32\DNSAPI.dll
0x00007ff899130000 - 0x00007ff899179000 	C:\Users\User\AppData\Local\Temp\jna-2645995\jna5338029530074761028.dll
0x00007ff8f5bd0000 - 0x00007ff8f5bd8000 	C:\Windows\System32\PSAPI.DLL

dbghelp: loaded successfully - version: 4.0.5 - missing functions: none
symbol engine: initialized successfully - sym options: 0x614 - pdb path: .;c:\Users\User\.vscode\extensions\redhat.java-1.36.0-win32-x64\jre\17.0.13-win32-x86_64\bin;C:\Windows\SYSTEM32;C:\Windows\WinSxS\amd64_microsoft.windows.common-controls_6595b64144ccf1df_6.0.19041.4355_none_60b8b9eb71f62e16;c:\Users\User\.vscode\extensions\redhat.java-1.36.0-win32-x64\jre\17.0.13-win32-x86_64\bin\server;C:\Users\User\AppData\Roaming\Code\User\globalStorage\redhat.java\1.36.0\config_win\org.eclipse.equinox.launcher\org.eclipse.equinox.launcher.win32.win32.x86_64_1.2.1100.v20240722-2106;C:\Users\User\AppData\Local\Temp\jna-2645995

VM Arguments:
jvm_args: --add-modules=ALL-SYSTEM --add-opens=java.base/java.util=ALL-UNNAMED --add-opens=java.base/java.lang=ALL-UNNAMED --add-opens=java.base/sun.nio.fs=ALL-UNNAMED -Declipse.application=org.eclipse.jdt.ls.core.id1 -Dosgi.bundles.defaultStartLevel=4 -Declipse.product=org.eclipse.jdt.ls.core.product -Djava.import.generatesMetadataFilesAtProjectRoot=false -DDetectVMInstallationsJob.disabled=true -Dfile.encoding=utf8 -XX:+UseParallelGC -XX:GCTimeRatio=4 -XX:AdaptiveSizePolicyWeight=90 -Dsun.zip.disableMemoryMapping=true -Xmx1G -Xms100m -Xlog:disable -javaagent:c:\Users\User\.vscode\extensions\redhat.java-1.36.0-win32-x64\lombok\lombok-1.18.35.jar -XX:+HeapDumpOnOutOfMemoryError -XX:HeapDumpPath=c:\Users\User\AppData\Roaming\Code\User\workspaceStorage\89dce50d0e22b9cf68c38c160219eb33\redhat.java -Daether.dependencyCollector.impl=bf 
java_command: c:\Users\User\.vscode\extensions\redhat.java-1.36.0-win32-x64\server\plugins\org.eclipse.equinox.launcher_1.6.900.v20240613-2009.jar -configuration c:\Users\User\AppData\Roaming\Code\User\globalStorage\redhat.java\1.36.0\config_win -data c:\Users\User\AppData\Roaming\Code\User\workspaceStorage\89dce50d0e22b9cf68c38c160219eb33\redhat.java\jdt_ws --pipe=\\.\pipe\lsp-def6db3ebf59969b901b8e606b02b9e7-sock
java_class_path (initial): c:\Users\User\.vscode\extensions\redhat.java-1.36.0-win32-x64\server\plugins\org.eclipse.equinox.launcher_1.6.900.v20240613-2009.jar
Launcher Type: SUN_STANDARD

[Global flags]
    uintx AdaptiveSizePolicyWeight                 = 90                                        {product} {command line}
     intx CICompilerCount                          = 4                                         {product} {ergonomic}
    uintx GCTimeRatio                              = 4                                         {product} {command line}
     bool HeapDumpOnOutOfMemoryError               = true                                   {manageable} {command line}
    ccstr HeapDumpPath                             = c:\Users\User\AppData\Roaming\Code\User\workspaceStorage\89dce50d0e22b9cf68c38c160219eb33\redhat.java         {manageable} {command line}
   size_t InitialHeapSize                          = 104857600                                 {product} {command line}
   size_t MaxHeapSize                              = 1073741824                                {product} {command line}
   size_t MaxNewSize                               = 357564416                                 {product} {ergonomic}
   size_t MinHeapDeltaBytes                        = 524288                                    {product} {ergonomic}
   size_t MinHeapSize                              = 104857600                                 {product} {command line}
   size_t NewSize                                  = 34603008                                  {product} {ergonomic}
    uintx NonNMethodCodeHeapSize                   = 5839372                                {pd product} {ergonomic}
    uintx NonProfiledCodeHeapSize                  = 122909434                              {pd product} {ergonomic}
   size_t OldSize                                  = 70254592                                  {product} {ergonomic}
    uintx ProfiledCodeHeapSize                     = 122909434                              {pd product} {ergonomic}
    uintx ReservedCodeCacheSize                    = 251658240                              {pd product} {ergonomic}
     bool SegmentedCodeCache                       = true                                      {product} {ergonomic}
   size_t SoftMaxHeapSize                          = 1073741824                             {manageable} {ergonomic}
     bool UseCompressedClassPointers               = true                           {product lp64_product} {ergonomic}
     bool UseCompressedOops                        = true                           {product lp64_product} {ergonomic}
     bool UseLargePagesIndividualAllocation        = false                                  {pd product} {ergonomic}
     bool UseParallelGC                            = true                                      {product} {command line}

Logging:
Log output configuration:
 #0: stdout all=off uptime,level,tags
 #1: stderr all=off uptime,level,tags

Environment Variables:
JAVA_HOME=C:\Program Files\Java\jdk-21
PATH=C:\Program Files\Common Files\Oracle\Java\javapath;G:\krasnozhon\AVR4\bin;G:\krasnozhon\AVR4\utils\bin;C:\Windows\system32;C:\Windows;C:\Windows\System32\Wbem;C:\Windows\System32\WindowsPowerShell\v1.0\;C:\Windows\System32\OpenSSH\;C:\Program Files (x86)\Windows Kits\10\Windows Performance Toolkit\;C:\Program Files\dotnet\;G:\krasnozhon\Microchip\bin;G:\TPP\GIT\Git\cmd;C:\Program Files\PuTTY\;C:\Program Files\Java\jdk-21\bin;C:\Program Files\apache-maven-3.9.9\bin;C:\Users\User\AppData\Local\Microsoft\WindowsApps;C:\Users\User\AppData\Local\Programs\Microsoft VS Code\bin
USERNAME=User
OS=Windows_NT
PROCESSOR_IDENTIFIER=AMD64 Family 23 Model 113 Stepping 0, AuthenticAMD
TMP=C:\Users\User\AppData\Local\Temp
TEMP=C:\Users\User\AppData\Local\Temp



Periodic native trim disabled


---------------  S Y S T E M  ---------------

OS:
 Windows 10 , 64 bit Build 19041 (10.0.19041.5072)
OS uptime: 0 days 0:23 hours

CPU: total 12 (initial active 12) (12 cores per cpu, 2 threads per core) family 23 model 113 stepping 0 microcode 0x0, cx8, cmov, fxsr, ht, mmx, 3dnowpref, sse, sse2, sse3, ssse3, sse4a, sse4.1, sse4.2, popcnt, lzcnt, tsc, tscinvbit, avx, avx2, aes, clmul, bmi1, bmi2, adx, sha, fma, vzeroupper, clflush, clflushopt
Processor Information for all 12 processors :
  Max Mhz: 3593, Current Mhz: 3593, Mhz Limit: 3593

Memory: 4k page, system-wide physical 16332M (1670M free)
TotalPageFile size 29644M (AvailPageFile size 4194M)
current process WorkingSet (physical memory assigned to process): 742M, peak: 742M
current process commit charge ("private bytes"): 644M, peak: 654M

vm_info: OpenJDK 64-Bit Server VM (17.0.13+11) for windows-amd64 JRE (17.0.13+11), built on Oct 16 2024 00:10:08 by "admin" with MS VC++ 17.7 (VS2022)

END.
